160
2 11 64
2 158 170
2 182 410
2 443 462
2 0 234
2 264 298
2 376 452
2 60 175
2 367 409
2 7 442
2 17 154
2 212 334
2 72 352
2 73 120
2 141 213
2 301 337
2 111 210
2 221 329
2 434 451
2 34 486
2 86 189
2 156 319
2 1 484
2 14 21
2 279 306
2 330 454
2 414 482
2 256 315
2 322 421
2 12 358
2 33 47
2 165 300
2 299 326
2 28 441
2 35 93
2 97 190
2 196 197
2 252 286
2 333 369
2 420 423
3 440 456 457
3 458 464 465
3 466 469 470
3 471 476 477
3 478 480 481
3 483 485 487
3 488 489 491
3 166 475 493
3 15 19 20
3 147 181 187
3 193 219 231
3 236 240 271
3 273 311 320
3 360 385 387
3 419 433 499
3 3 13 18
3 23 24 31
3 55 65 71
3 105 123 139
3 162 188 201
3 203 214 218
3 242 268 276
3 283 348 353
3 364 388 391
3 394 397 399
3 400 407 412
3 422 424 427
3 459 474 497
3 32 41 56
3 59 76 78
3 80 101 106
3 109 115 136
3 138 148 151
3 160 185 186
3 247 289 304
3 339 341 359
3 361 379 425
3 432 446 453
3 42 468 494
3 83 103 130
3 191 206 209
3 216 222 275
3 309 317 344
3 381 479 496
3 38 266 495
3 48 52 108
3 113 261 310
3 350 371 448
3 5 61 463
3 199 208 249
3 258 277 288
3 292 356 396
3 405 430 445
3 10 99 455
3 121 163 177
3 225 235 263
3 302 328 345
3 362 375 429
3 431 437 438
3 107 444 492
4 155 324 439 473
4 6 8 89 498
4 90 91 117 149
4 159 180 192 230
4 278 294 336 351
4 384 392 403 447
4 16 449 467 472
4 22 25 26 27
4 29 36 40 44
4 45 46 50 54
4 66 69 70 79
4 81 92 95 100
4 104 112 114 116
4 119 124 128 129
4 132 144 152 153
4 164 172 174 195
4 198 200 204 207
4 217 226 233 237
4 244 245 251 254
4 259 267 269 274
4 280 282 284 285
4 295 307 325 332
4 347 363 365 372
4 373 377 378 390
4 395 401 411 450
4 2 460 461 490
4 4 9 30 37
4 39 43 49 51
4 53 57 58 62
4 63 67 68 74
4 75 77 82 84
4 85 87 88 94
4 96 98 102 110
4 118 122 125 126
4 127 131 133 134
4 135 137 140 142
4 143 145 146 150
4 157 161 167 168
4 169 171 173 176
4 178 179 183 184
4 194 202 205 211
4 215 220 223 224
4 227 228 229 232
4 238 239 241 243
4 246 248 250 253
4 255 257 260 262
4 265 270 272 281
4 287 290 291 293
4 296 297 303 305
4 308 312 313 314
4 316 318 321 323
4 327 331 335 338
4 340 342 343 346
4 349 354 355 357
4 366 368 370 374
4 380 382 383 386
4 389 393 398 402
4 404 406 408 413
4 415 416 417 418
4 426 428 435 436
