1628
2 8042 8060
2 8066 8175
2 8208 8281
2 8288 8349
2 8357 8690
2 8718 9033
2 9133 9163
2 9358 9705
2 46 9956
2 212 243
2 460 664
2 787 905
2 1034 1175
2 1419 1600
2 1659 1697
2 1779 1784
2 2434 2441
2 2487 2493
2 2501 2539
2 2559 2639
2 2682 3805
2 3814 4061
2 4071 4190
2 4204 4278
2 4362 4772
2 4785 4824
2 5154 5425
2 5490 5656
2 5707 5988
2 6047 6333
2 6385 6394
2 6601 6657
2 6893 7004
2 7012 7056
2 7141 7181
2 7205 7297
2 7331 7472
2 7482 7506
2 7560 7612
2 7767 7904
2 7926 7952
2 8072 8149
2 8341 8476
2 8480 9110
2 9315 9378
2 9515 9654
2 9757 9845
2 29 9919
2 100 231
2 351 445
2 490 501
2 580 584
2 692 710
2 751 790
2 1204 1246
2 1272 1657
2 1894 1997
2 2041 2113
2 2114 2189
2 2256 2438
2 2576 2616
2 3040 3113
2 3140 3163
2 3429 3468
2 3592 3650
2 3982 4210
2 4225 4268
2 4324 4336
2 4481 4779
2 4784 4947
2 5433 5564
2 5687 5711
2 5716 5775
2 5784 5827
2 6299 6317
2 6335 6346
2 6424 6437
2 6464 6486
2 6568 6861
2 6926 6951
2 6995 7354
2 7598 7707
2 7747 8051
2 8057 8182
2 8317 8448
2 8460 8488
2 8531 8656
2 8704 8799
2 8841 8909
2 8920 9001
2 9167 9268
2 9277 9373
2 9676 9739
2 9915 9937
2 84 9938
2 474 547
2 599 830
2 879 946
2 951 980
2 1397 1472
2 1710 1760
2 1863 1875
2 1916 2093
2 2261 2284
2 2315 2403
2 2496 2710
2 2738 2742
2 2926 2995
2 3098 3166
2 3183 3548
2 3601 3609
2 3631 3661
2 3706 3767
2 3886 3900
2 3967 3989
2 4049 4073
2 4118 4261
2 4385 4626
2 4719 4751
2 4776 4974
2 5226 5326
2 5459 5623
2 5932 5955
2 5975 6214
2 6287 6292
2 6883 6997
2 7191 7234
2 7468 7519
2 7537 7563
2 7685 7846
2 7860 7947
2 8126 8178
2 8358 8369
2 8386 8885
2 9034 9071
2 9103 9657
2 9760 9801
2 79 90
2 104 166
2 560 647
2 758 852
2 933 1051
2 1098 1125
2 1417 1446
2 1560 1643
2 1797 1991
2 2034 2119
2 2263 2374
2 2394 2414
2 2482 2534
2 2547 2625
2 2755 2768
2 2816 2880
2 3065 3231
2 3304 3351
2 3421 3726
2 3920 3998
2 4162 4168
2 4295 4366
2 4472 4476
2 4485 4587
2 4652 4805
2 4836 4970
2 5031 5089
2 5320 5445
2 5468 5506
2 5645 5667
2 5987 6362
2 6465 6502
2 6626 6717
2 6813 6896
2 7280 7366
2 7449 7497
2 7601 7714
2 7769 7940
2 8071 8262
2 8324 8339
2 8394 8414
2 8444 8710
2 8847 8869
2 8917 8926
2 9077 9466
2 9630 9697
2 317 442
2 548 661
2 679 694
2 969 1121
2 1242 1630
2 1816 1906
2 1921 2027
2 2135 2321
2 2322 2440
2 2478 2497
2 3010 3139
2 3433 3604
2 3725 3986
2 4021 4029
2 4383 4401
2 4585 4815
2 4908 4909
2 5301 5318
2 5408 5502
2 5567 6001
2 6032 6165
2 6211 6238
2 6397 6449
2 6786 6978
2 7044 7161
2 7199 7282
2 7435 7437
2 7806 7874
2 7974 8088
2 8216 8482
2 8489 8589
2 8621 8630
2 8674 8802
2 8884 8976
2 9056 9202
2 9306 9335
2 9497 9683
2 9688 9756
2 9790 9924
2 286 488
2 535 543
2 861 913
2 1069 1232
2 1312 1637
2 1680 1900
2 2099 2350
2 2387 2542
2 2606 2855
2 2868 2893
2 2894 2992
2 3067 3143
2 3180 3232
2 3264 3342
2 3733 3740
2 3770 4067
2 4302 4378
2 4624 4730
2 4744 4831
2 4849 5071
2 5114 5204
2 5248 5307
2 5334 5372
2 5500 5507
2 5572 5761
2 5805 6041
2 6555 6863
2 6879 6895
2 6908 7285
2 7428 7505
2 7562 7572
2 7582 7687
2 7867 8125
2 8234 8295
2 8352 8378
2 8484 8580
2 8790 8921
2 9389 9461
2 9531 9598
2 109 9653
2 330 387
2 397 426
2 454 479
2 497 665
2 707 721
2 843 1028
2 1126 1215
2 1239 1394
2 1425 1520
2 1674 1896
2 2004 2015
2 2031 2032
2 2053 2158
2 2187 2197
2 2338 2446
2 2524 2613
2 2654 2675
2 2777 2791
2 2822 2914
2 3036 3071
2 3103 3162
2 3456 3520
2 3659 3723
2 3872 3946
2 3974 3999
2 4003 4250
2 4395 4420
2 4460 4586
2 4862 5103
2 5288 5434
2 5605 5679
2 5737 5738
2 5780 5843
2 5846 5855
2 5858 6164
2 6515 6729
2 6768 6954
2 7073 7193
2 7325 7619
2 7720 7763
2 7930 7976
2 8025 8033
2 8285 8402
2 8544 8664
2 8723 8937
2 9170 9476
2 9707 9753
2 276 339
2 518 702
2 718 747
2 841 897
2 994 1048
2 1067 1255
2 1365 1721
2 1913 1926
2 2037 2040
2 2078 2090
2 2130 2276
2 2458 2667
2 2670 2714
2 2815 2851
2 2938 2965
2 2973 2984
2 3160 3190
2 3200 3236
2 3359 3462
2 3709 3713
2 3779 4068
2 4201 4303
2 4338 4348
2 4499 4597
2 4673 4745
2 4869 4927
2 5143 5344
2 5348 5695
2 5704 5871
2 5930 6013
2 6071 6091
2 6092 6204
2 6207 6322
2 6608 6667
2 6732 6877
2 7027 7070
2 7084 7242
2 7411 7538
2 7609 7630
2 7701 7762
2 7765 8184
2 8315 8385
2 8427 8627
2 8705 8769
2 8943 8973
2 9049 9058
2 9064 9288
2 9402 9472
2 9518 9827
2 9831 9897
2 36 125
2 971 981
2 1019 1089
2 1144 1314
2 1325 1456
2 1458 1730
2 1785 1855
2 2069 2302
2 2445 2491
2 2644 2679
2 2780 2844
2 2865 2869
2 2923 3093
2 3151 3388
2 3404 3556
2 3589 3627
2 3701 3711
2 3921 3979
2 4125 4166
2 4304 4364
2 4471 4590
2 4654 4799
2 4905 5109
2 5230 5354
2 5374 5390
2 5565 5571
2 5654 5673
2 5735 5976
2 6061 6067
2 6194 6386
2 6422 6588
2 6758 6793
2 6802 7304
2 7722 7754
2 7784 7816
2 7837 8243
2 8301 8515
2 8622 8706
2 8843 8949
2 9109 9191
2 9279 9310
2 9422 9442
2 9452 9510
2 9541 9731
2 9758 9809
2 259 9997
2 344 495
2 506 625
2 779 1017
2 1169 1379
2 1428 1434
2 1455 1769
2 1844 2145
2 2366 2637
2 2735 2753
2 3032 3056
2 3148 3319
2 3430 3490
2 3699 3826
2 3957 3960
2 4015 4024
2 4051 4081
2 4152 4181
2 4199 4253
2 4342 4350
2 4396 4606
2 4872 4897
2 4941 5033
2 5405 5650
2 5893 5984
2 6004 6241
2 6820 6872
2 6970 7053
2 7244 7317
2 7328 7456
2 8048 8279
2 8467 8483
2 8693 8782
2 8887 8892
2 8905 9053
2 9396 9509
2 9783 9940
2 167 223
2 724 989
2 1033 1185
2 1241 1310
2 1408 1448
2 1617 1676
2 1772 1901
2 2760 2767
2 2845 3094
2 3100 3116
2 3152 3215
2 3245 3287
2 3393 3459
2 3642 3815
2 3829 3868
2 3908 3970
2 4039 4086
2 4159 4180
2 4349 4755
2 4760 4864
2 4999 5092
2 5447 5486
2 5555 5560
2 5826 6066
2 6200 6523
2 6597 6909
2 6916 7107
2 7160 7358
2 7376 7378
2 7455 7477
2 7503 8024
2 8041 8157
2 8188 8255
2 8428 8764
2 8953 9012
2 9040 9112
2 9147 9351
2 9412 9455
2 9480 9640
2 9666 9808
2 9878 9916
2 9949 9979
2 52 9980
2 116 135
2 266 368
2 470 524
2 528 569
2 680 713
2 927 1025
2 1104 1108
2 1123 1236
2 1274 1343
2 1457 1662
2 1748 1752
2 1757 1776
2 1893 1938
2 1940 1950
2 2132 2286
2 2640 2721
2 2778 2832
2 2871 3198
2 3435 3525
2 3572 3732
3 8521 8760 8813
3 9136 9266 9427
3 9661 9700 9955
3 138 140 9970
3 162 920 950
3 1018 1109 1151
3 1218 1319 1324
3 1438 1506 1645
3 1741 1931 2269
3 2473 2688 2829
3 2888 3326 4022
3 4042 4123 4234
3 4317 4658 4834
3 4920 5179 5220
3 5436 5456 5876
3 5995 6105 6660
3 6683 6825 7200
3 7235 7389 7570
3 7657 7679 7873
3 7901 8237 8323
3 8505 8528 8827
3 9257 9331 9348
3 9379 9384 9681
3 235 9798 9951
3 284 294 352
3 475 637 809
3 1055 1141 1219
3 1225 1338 1490
3 1539 1576 1628
3 2291 2347 2523
3 2557 2860 2967
3 3068 3358 3714
3 4216 4280 4458
3 4618 4795 4919
3 5036 5201 5218
3 5407 5454 5485
3 6019 6057 6406
3 6460 6684 6734
3 6982 7062 7122
3 7625 7853 7886
3 8195 8422 8436
3 8522 8647 8807
3 8817 8838 8963
3 9138 9206 9444
3 107 9462 9842
3 190 237 244
3 262 410 503
3 553 1005 1189
3 1267 1315 1402
3 1489 1758 2171
3 2251 2411 2474
3 2925 3408 3478
3 3481 3675 3741
3 3953 4035 4113
3 4274 4620 4963
3 5012 5256 5367
3 5748 5967 6072
3 6507 6807 6888
3 7300 7498 7599
3 7645 7649 7739
3 7760 7787 7794
3 7866 7928 8099
3 8274 8329 8391
3 8552 8598 8672
3 9153 9180 9211
3 9249 9355 9658
3 390 606 9912
3 966 967 1042
3 1155 1263 1366
3 1860 1956 1967
3 1977 2174 2249
3 2316 2327 2513
3 2690 2739 2850
3 2930 3354 3528
3 3731 3867 4110
3 4115 4142 4341
3 4515 4530 4698
3 4782 4873 4988
3 5180 5217 5303
3 5369 5432 5750
3 5874 6014 6504
3 6679 6723 7038
3 7263 7287 7341
3 7442 8083 8122
3 8377 8848 9005
3 9018 9066 9493
3 9513 9544 9792
3 581 832 1057
3 1070 1544 1626
3 2076 2262 2521
3 2678 2902 3009
3 3077 3204 3283
3 3374 3501 3552
3 3560 3848 4070
3 4121 4306 4436
3 4531 4700 4850
3 4852 5138 5339
3 5670 5688 5852
3 6025 6106 6368
3 6771 7046 7370
3 7380 7737 7831
3 7967 8292 8788
3 9026 9207 9244
3 119 277 9926
3 505 979 1008
3 1088 1103 1294
3 1386 1459 1733
3 1794 2067 2084
3 2270 2275 2371
3 2630 2970 2976
3 3066 3159 3172
3 3666 3729 3856
3 3918 3995 4005
3 4037 4127 4353
3 4492 4674 4756
3 4844 5129 5196
3 5224 5242 5692
3 5842 5894 5914
3 5946 5956 5974
3 6044 6286 6706
3 6810 7164 7288
3 7539 7620 7891
3 7913 8078 8236
3 8657 8962 9039
3 9108 9160 9219
3 9352 9424 9563
3 9789 9867 9872
3 187 239 254
3 601 612 614
3 704 715 785
3 1328 1633 2021
3 2178 2225 2336
3 2468 2666 2704
3 2744 2794 2838
3 2857 3366 3458
3 3598 3634 3638
3 4119 4433 4503
3 4540 4568 4816
3 4993 5053 5054
3 5091 5185 5289
3 5302 5580 6120
3 6135 6169 6249
3 6610 6836 6837
3 7049 7254 7295
3 7352 7587 7593
3 7681 7892 7979
3 8016 8181 8269
3 8526 8551 8719
3 8774 8942 8966
3 9054 9130 9174
3 9728 9763 9781
3 382 434 9945
3 496 578 681
3 762 765 1078
3 1531 1655 1968
3 1981 2003 2244
3 2397 2479 2530
3 2605 2631 2724
3 2792 2796 2864
3 2972 3171 3260
3 3315 3565 3622
3 3640 3660 3683
3 3774 3820 3835
3 3948 4277 4429
3 4888 5358 5412
3 5655 5660 5765
3 5768 5781 5799
3 5866 6062 6099
3 6100 6262 6423
3 6487 6548 6599
3 6641 6687 6755
3 6801 6975 7207
3 7462 7517 7635
3 7918 8107 8283
3 8399 8669 8688
3 8792 8829 8995
3 9104 9199 9253
3 9392 9403 9437
3 9621 9643 9729
3 1 66 141
3 250 295 363
3 455 504 561
3 619 775 808
3 810 838 1163
3 1623 1698 1871
3 1933 1974 2109
3 2194 2391 2443
3 2471 2763 2810
3 3234 3320 3532
3 3865 3943 3958
3 4138 4256 4270
3 4411 4548 4570
3 4608 4820 4901
3 5306 5420 5706
3 5802 5997 6045
3 6083 6247 6501
3 6894 7143 7548
3 7576 8095 8124
3 8127 8130 8354
3 8371 8550 8566
3 8781 9349 9364
3 9501 9593 9596
3 9727 9826 9835
3 21 9982 9989
3 331 595 1052
3 1124 1143 1213
3 1327 1442 1592
3 1602 1605 1957
3 1966 2409 2419
3 2617 2818 3007
3 3043 3045 3181
3 3192 3221 3249
3 3284 3403 3554
3 3562 3735 4010
3 4154 4219 4345
3 4924 5415 5582
3 5608 5715 5723
3 5746 5753 5847
3 5867 5996 6029
3 6056 6059 6131
3 6219 6324 6348
3 6440 6521 6566
3 6764 6790 6869
3 6907 6929 7124
3 7373 7478 7605
3 7709 8270 8450
3 9115 9385 9627
3 9671 9750 9762
3 95 105 400
3 436 447 476
3 716 772 792
3 892 1301 1373
3 1503 1672 1687
3 1815 1990 2255
3 2283 2361 2460
3 2646 2699 2918
3 3224 3289 3298
3 3398 3448 3568
3 3614 4294 4329
3 4446 4827 4931
3 5075 5142 5159
3 5349 5396 5465
3 5546 5739 6250
3 6310 6546 6561
3 6663 6781 6838
3 6886 6931 6934
3 6949 7016 7051
3 7240 7403 7414
3 7487 8013 8020
3 8151 8370 8582
3 9144 9195 9343
3 9432 9512 9687
3 19 26 9893
3 43 127 327
3 357 438 907
3 996 1038 1349
3 1352 1572 1887
3 1903 1907 1925
3 2058 2150 2355
3 2383 2748 2779
3 2826 2840 2915
3 2998 3101 3122
3 3237 3269 3432
3 3489 3646 3703
3 3864 3934 4169
3 4315 4321 4424
3 4437 4484 4825
3 4835 4854 4955
3 5216 5315 5501
3 5648 5664 5764
3 5801 5810 5861
3 5868 5992 6027
3 6124 6145 6181
3 6462 6505 6646
3 6780 6819 6900
3 6966 7115 7147
3 7353 7390 7473
3 7780 7905 8194
3 8313 8337 8390
3 8504 8720 8738
3 8902 9069 9273
3 9642 9834 9899
3 261 364 9994
3 367 369 975
3 1222 1414 1451
3 1537 1596 1689
3 1738 1960 2056
3 2077 2133 2180
3 2188 2219 2257
3 2266 2319 2574
3 2774 2800 2856
3 2913 3739 3758
3 3771 3832 3833
3 3861 4056 4117
3 4192 4299 4326
3 4463 5002 5025
3 5037 5124 5145
3 5223 5290 5292
3 5421 5575 5646
3 6122 6268 6347
3 6760 6865 7009
3 7420 7508 7885
3 8014 8408 8558
3 8783 8912 8958
3 9025 9142 9285
3 9463 9508 9565
3 14 134 9889
3 265 552 749
3 816 1003 1334
3 1354 1481 1543
3 1548 1607 1644
3 1773 2079 2236
3 2392 2408 2448
3 2650 2813 3241
3 3303 3369 3410
3 3688 3738 3874
3 3938 4242 4612
3 4665 4683 5034
3 5078 5126 5261
3 5264 5561 5703
3 5942 6020 6235
3 6525 6564 6572
3 6891 6910 6946
3 7076 7157 7301
3 7755 7996 8070
3 8082 8162 8360
3 8364 8459 8565
3 8755 9391 9416
3 5 9522 9805
3 122 129 377
3 389 617 657
3 748 754 824
3 985 1268 1269
3 1304 1834 2354
3 2454 2477 2701
3 3207 3483 3510
3 3574 3575 3630
3 3786 3919 3937
3 3954 3996 4007
3 4105 4186 4563
3 4566 4677 4866
3 4915 5084 5110
3 5184 5195 5352
3 5450 5519 5787
3 5953 6011 6037
3 6070 6080 6173
3 6318 6455 6573
3 7213 7232 7256
3 7271 7566 7775
3 8076 8146 8471
3 8496 8668 8946
3 8948 9430 9435
3 9482 9504 9558
3 9562 9652 9668
3 98 310 9847
3 324 484 564
3 667 744 874
3 890 918 1128
3 1384 1389 1528
3 1604 1670 1692
3 1782 2233 2599
3 2917 3061 3365
3 3372 3923 3976
3 4075 4140 4171
3 4281 4316 4343
3 4526 4539 4552
3 4945 5022 5115
3 5284 5285 5393
3 5431 5562 5637
3 6372 6530 6609
3 6642 6653 6798
3 6928 6955 6992
3 7023 7128 7621
3 7779 7798 7865
3 7997 8112 8308
3 8330 8421 8590
3 8611 8741 8852
3 9080 9293 9401
3 9440 9449 9503
3 75 9840 9875
3 176 585 699
3 742 1024 1026
3 1092 1264 1291
3 1545 1565 1919
3 1962 2195 2292
3 2312 2360 2449
3 2450 2528 2820
3 2979 3250 3345
3 3418 3452 3512
3 3605 3687 3737
3 3952 3964 4146
3 4203 4380 4404
3 4643 4729 4809
3 4900 5093 5478
3 5712 5922 5923
3 6030 6089 6413
3 6689 6789 6892
3 6977 7402 7495
3 7615 7698 7728
3 8091 8105 8266
3 8294 8307 8510
3 8588 8699 8888
3 8982 9118 9184
3 9262 9520 9639
3 42 233 9928
3 557 712 851
3 855 869 963
3 1375 1431 1441
3 1498 2092 2139
3 2346 2416 2421
3 2624 2981 3069
3 3175 3291 3538
3 3599 3606 3676
3 3702 3855 3910
3 4085 4096 4178
3 4289 4455 4542
3 4629 4682 4753
3 4817 5130 5152
3 5194 5249 5455
3 5497 5638 5662
3 5797 5806 6355
3 6538 6665 6688
3 6691 6791 6826
3 6974 7303 7422
3 7604 7644 7718
3 7750 7910 7968
3 8030 8055 8106
3 8140 8583 8634
3 8700 8724 8809
3 8818 8856 8896
3 8901 8925 8939
3 9052 9079 9088
3 9177 9292 9304
3 9439 9516 9579
3 80 9615 9777
3 247 282 807
3 878 891 945
3 952 1030 1053
3 1150 1173 1240
3 1368 1392 1666
3 1682 1722 1786
3 2118 2183 2214
3 2623 2784 2901
3 2940 3000 3470
3 3524 3613 3710
3 3881 3981 4033
3 4045 4182 4189
3 4296 4332 4346
3 4368 4560 4707
3 4838 4881 4991
3 5011 5039 5076
3 5269 5305 5314
3 5335 5452 5830
3 5841 5880 6113
3 6117 6672 6695
3 6728 7137 7146
3 7284 7336 7351
3 7485 7676 7702
3 7723 7879 7998
3 8145 8335 8623
3 8846 8904 8922
3 9185 9405 9665
3 50 9672 9909
3 126 285 340
3 386 399 408
3 624 991 1041
3 1156 1629 1675
3 1945 2071 2156
3 2250 2339 2396
3 2626 2788 2849
3 3014 3128 3168
3 3305 3507 3537
3 3594 3597 3776
3 4023 4183 4212
3 4213 4223 4319
3 4397 4528 4569
3 5102 5232 5337
3 5411 5435 5532
3 5911 5990 6624
3 6716 6785 6943
3 7324 7470 7776
3 7817 7838 7869
3 7955 8260 8261
3 8327 8518 8858
3 8999 9095 9141
3 9203 9216 9404
3 9408 9574 9587
3 9766 9791 9841
3 345 366 592
3 685 732 755
3 941 1007 1281
3 1293 1356 1660
3 1759 1798 2073
3 2182 2615 2648
3 2737 2896 2958
3 2960 3034 3238
3 3317 3397 3465
3 3514 3653 3764
3 4129 4382 4431
3 4615 4647 4778
3 4800 4878 5144
3 5402 5438 5520
3 5524 5647 5669
3 6115 6172 6298
3 6376 6439 6489
3 6575 6589 6598
3 6779 6816 6884
3 6911 6941 7158
3 7173 7195 7214
3 7746 7836 7935
3 8290 8296 8343
3 8577 8687 8743
3 8798 8830 8871
3 8935 8980 8983
3 9231 9242 9492
3 9674 9743 9857
3 334 9874 9983
3 354 416 705
3 731 813 853
3 873 925 1193
3 1362 1390 1449
3 1482 1702 1715
3 1746 1780 1791
3 1823 1927 2177
3 2429 2430 2494
3 2708 2761 2830
3 2833 2867 3005
3 3013 4083 4101
3 4282 4391 4448
3 4765 4803 4984
3 5065 5087 5283
3 5392 5484 5525
3 5541 5659 5708
3 5743 5821 5927
3 6140 6218 6349
3 6532 6587 6847
3 6889 7006 7126
3 7277 7294 7355
3 7520 7691 8018
4 875 3730 7391 7824
4 1073 3561 5785 8466
4 17 3516 4663 8516
4 139 5875 6215 6451
4 3132 3808 4170 9580
4 142 3924 6155 9730
4 1440 4066 6557 9976
4 4064 4656 4904 8333
4 1471 1723 5457 6076
4 4953 7990 8325 9561
4 804 5832 6700 8519
4 300 6574 7964 8632
4 1047 2198 2467 8264
4 1044 4949 5277 8752
4 4659 6015 6522 6942
4 541 1593 5860 9987
4 204 2337 8863 9038
4 465 1535 5730 8810
4 2159 4188 4742 6275
4 919 1321 4228 9418
4 131 5606 8215 9028
4 1036 2193 3939 9716
4 5482 5986 8401 9086
4 1649 2399 3280 8822
4 37 3793 6121 6137
4 1546 1755 2953 6302
4 2596 4248 6959 6972
4 221 392 5024 9094
4 1371 2610 5066 9215
4 1453 3887 4736 4982
4 842 5125 7557 8663
4 615 639 1220 8028
4 2101 4549 8022 9223
4 1869 4567 4689 9540
4 34 726 5676 8950
4 1165 1377 2472 3123
4 5731 5881 7430 9892
4 860 1502 2137 2215
4 6922 7666 8398 8629
4 740 3665 4451 9475
4 193 6095 6291 9280
4 649 1369 2019 2232
4 2358 2432 2898 3246
4 4246 4279 4554 5161
4 83 5829 7024 7036
4 7565 8206 8456 9065
4 1084 1286 3504 4030
4 4311 4537 5895 9313
4 4653 5387 6270 8675
4 2047 2303 4176 4501
4 6664 7490 8440 8965
4 9458 9488 9635 9810
4 1452 4623 7150 8355
4 2712 3824 5373 5834
4 6494 6693 6744 6962
4 8179 8729 9002 9149
4 4095 5400 7237 7828
4 4562 6600 7957 9985
4 576 1110 1669 2235
4 2570 3355 4482 5098
4 1639 2046 2205 6323
4 2240 4325 4840 5077
4 6078 6993 7665 8753
4 3078 3615 4489 6711
4 8372 9338 9613 9859
4 160 1271 1774 6774
4 22 1137 1849 7460
4 2234 2549 3265 5140
4 5800 6671 6739 9003
4 1653 9013 9603 9948
4 2754 5276 6803 7121
4 417 558 7491 8996
4 906 2453 3097 4255
4 1127 2016 2289 7686
4 2417 3782 4394 5234
4 6035 6414 6595 6636
4 472 6831 9008 9194
4 1172 1624 2406 2444
4 3131 3381 3888 4613
4 5246 6096 6132 6520
4 7400 7786 8049 8316
4 845 1627 8464 8789
4 1867 2068 2731 3262
4 3334 4094 5770 6373
4 6432 6517 7309 7903
4 1208 2987 4479 8633
4 5391 5586 7925 7969
4 651 669 8165 9502
4 2722 3445 3927 5104
4 6417 7388 7675 9660
4 89 2184 2464 3076
4 4538 7065 7502 9754
4 163 249 771 1299
4 1683 2087 2173 3424
4 4669 5345 6770 7664
4 2022 2990 7902 8525
4 4163 5122 6497 6973
4 241 618 8732 9089
4 3313 3610 4553 4842
4 5429 7014 7134 7223
4 643 7274 8709 9860
4 728 865 3541 5725
4 7544 8298 8886 9491
4 108 616 819 1277
4 1958 2288 2805 4789
4 5182 5206 5578 6904
4 7019 7298 8534 8645
4 9100 9406 9647 9863
4 784 2163 2563 2841
4 3425 3536 3798 4508
4 5424 5534 5612 5658
4 5825 5848 5952 6629
4 8740 8941 9232 9553
4 347 800 1376 9617
4 1615 1661 1700 2318
4 2577 3209 3812 4693
4 4791 5510 5958 7091
4 128 7556 9423 9590
4 189 383 719 4518
4 6748 7333 7365 7434
4 7441 7799 8309 8771
4 349 1131 9862 9876
4 1494 4211 4939 5183
4 5294 6701 7060 7459
4 7541 7580 7758 8493
4 203 291 361 9954
4 703 831 863 1119
4 1188 1230 1284 1679
4 2382 3327 3784 3949
4 4996 5343 6279 6457
4 4 388 8080 9737
4 405 509 1335 1732
4 3247 3821 7479 7507
4 7807 8875 9372 9999
4 200 922 2324 2789
4 3787 4330 4344 4632
4 4633 4664 4734 5699
4 5833 8970 8985 9807
4 662 811 1029 1987
4 2311 2386 2405 2541
4 2942 4107 4461 5844
4 6500 7791 9701 9742
4 173 491 794 2410
4 2676 3199 5005 5327
4 6371 8374 8602 9162
4 409 621 9533 9644
4 1534 1918 2883 3756
4 3866 4220 4273 5187
4 5266 5885 6254 6420
4 7627 7706 7992 8725
4 821 1206 8872 9342
4 1415 1554 1705 1897
4 1969 2934 3799 3935
4 4435 5073 5210 5399
4 5643 5957 7228 7712
4 483 508 605 901
4 1610 2166 2427 2803
4 2873 2884 3227 4032
4 4214 4237 4356 4807
4 5167 5265 5840 5853
4 6174 7276 7736 7938
4 8613 8758 9159 9362
4 179 194 1654 2500
4 3636 4372 4758 4822
4 4860 5350 5508 7097
4 7416 7588 8507 8780
4 9011 9070 9775 9787
4 118 192 1142 9822
4 2170 3476 3530 4732
4 4890 4891 4972 6853
4 7789 8117 8144 8311
4 478 8877 9415 9749
4 729 1614 1831 2520
4 3044 3189 3777 4285
4 4376 5279 5557 6128
4 6141 7098 7578 7942
4 230 8361 9218 9421
4 274 2512 2771 2808
4 3717 4523 4952 6156
4 6411 7590 8244 8272
4 1350 2039 9436 9556
4 3685 4232 4699 4899
4 6177 6559 6682 6720
4 6937 7045 7187 7483
4 7606 7847 8462 8530
4 61 256 9031 9793
4 311 424 507 574
4 1177 1226 2271 2532
4 2827 4063 4098 4333
4 4845 5213 5304 5617
4 5727 6429 8011 8542
4 81 8698 8797 9126
4 428 795 1006 1171
4 1326 1501 1513 1696
4 1753 1804 2231 3053
4 3307 3690 4297 4588
4 4966 5260 5262 5377
4 5382 5783 5938 7068
4 7248 7404 7533 8159
4 8556 8868 9301 9498
4 406 803 959 1703
4 1789 2252 3469 3993
4 4262 4305 5008 6075
4 6998 7030 7138 7682
4 7711 7830 7833 7929
4 8190 8441 8850 8924
4 9007 9296 9521 9932
4 1307 1762 2310 2393
4 2583 3205 3361 3534
4 4770 5472 5632 5910
4 6098 6237 6412 7453
4 7514 8555 8592 8968
4 668 1149 1824 2138
4 3286 3416 3854 3963
4 4019 4060 4283 4453
4 4851 5010 5281 5900
4 6393 6519 6533 6799
4 6859 7102 7523 9042
4 25 224 275 9698
4 341 452 921 1190
4 1612 1770 2026 2385
4 2546 2664 2928 3169
4 3382 3611 3810 3994
4 4571 5100 5640 6454
4 7071 7985 8001 8085
4 54 9311 9411 9914
4 319 526 582 659
4 746 886 2280 2656
4 2662 2709 3454 3523
4 3719 3990 5809 5828
4 6031 6185 6290 6334
4 6509 6862 7782 7852
4 8000 8231 8554 9059
4 9146 9204 9229 9270
4 412 999 2980 9972
4 3156 3413 3754 4525
4 4821 5386 5549 6283
4 6516 6772 7261 7488
4 573 7504 8034 9024
4 1308 1880 2010 3383
4 3645 3843 4252 4520
4 4705 4987 5014 5227
4 5257 5697 5778 5949
4 6163 6792 7222 8098
4 360 8344 8546 9150
4 583 1290 1374 1401
4 1664 1915 1964 2733
4 3788 4438 5049 5153
4 5342 5406 5466 5527
4 5539 5619 5820 6631
4 7183 7822 7882 7921
4 93 302 9164 9929
4 575 630 883 1147
4 1497 2083 2192 2279
4 2553 2807 3035 3088
4 3275 3301 3464 3752
4 3816 4251 4450 4832
4 4973 5229 5287 5681
4 5774 5912 6260 6485
4 6549 6686 7142 7607
4 7783 7986 8796 8862
4 322 537 823 9055
4 1265 1399 1436 1551
4 1766 1954 2377 2988
4 3455 3602 3616 3662
4 4165 4622 4752 5113
4 5700 6039 6508 8012
4 8380 8816 9171 9239
4 273 546 9319 9712
4 888 1002 1424 1613
4 2104 3074 3796 4263
4 4379 5766 6079 7652
4 7717 7829 7848 8203
4 8232 8957 9057 9399
4 814 938 1162 9586
4 1444 1920 2380 2423
4 2823 2889 2963 3586
4 3623 4505 4754 5099
4 5333 5448 6570 6690
4 6704 6821 7099 7467
4 8747 8984 8988 9245
4 9284 9592 9664 9812
4 394 598 826 9869
4 1187 1405 1462 1583
4 1854 2691 3343 3671
4 3759 4594 4641 4806
4 5141 5512 6000 6109
4 6212 6390 6714 7321
4 7564 7668 8359 8599
4 9060 9107 9474 9500
4 161 677 1198 1559
4 2839 3041 3049 3057
4 4050 4157 4464 4602
4 4666 4813 5120 5463
4 5890 5915 6400 6788
4 6939 8104 8474 8951
4 8972 9050 9322 9536
4 269 1808 1882 9981
4 2522 2597 2797 3027
4 3348 3916 4269 5133
4 5188 5238 5273 5742
4 5921 6065 6142 6474
4 6753 6797 7015 7061
4 7239 7279 7431 7626
4 7872 8228 8251 8415
4 8540 9020 9041 9051
4 51 72 9434 9890
4 686 695 1082 2415
4 2504 2551 3110 3467
4 3695 4184 4444 4739
4 5419 5782 6143 6435
4 6441 6650 6804 7745
4 7919 8147 8214 8610
4 8855 9010 9145 9821
4 837 881 965 1333
4 1412 1466 1597 1658
4 1942 2161 2200 2436
4 2890 3173 3242 3391
4 3495 3813 4002 4247
4 5807 6006 6018 6339
4 6743 6921 7660 7989
4 8128 8155 8559 9193
4 9240 9259 9312 9479
4 255 786 895 1541
4 1594 1635 2066 2543
4 2695 2740 2773 2821
4 3222 3373 3444 4701
4 4819 5150 5274 5469
4 5740 5816 5851 6402
4 6832 6905 6924 7306
4 7334 7343 7732 7772
4 7900 8381 8742 8881
4 8933 9175 9648 9706
4 181 523 653 672
4 1297 1547 1802 2147
4 3030 3325 3577 3669
4 4018 4737 5117 5607
4 6230 6288 6354 7623
4 7988 8065 8331 8605
4 130 8836 9032 9478
4 450 759 768 1077
4 1846 1902 1973 2108
4 2168 2510 2635 2866
4 3419 4846 5055 5147
4 5614 6401 6749 6773
4 6919 7052 7211 7258
4 7332 7654 7781 7827
4 7916 8039 9190 9506
4 169 308 9837 9990
4 627 1168 2218 2314
4 2325 2452 2587 2725
4 2782 2831 2993 3070
4 3240 3863 3928 4148
4 4153 4177 4648 4718
4 4829 5169 5286 5877
4 6269 6392 6619 6621
4 6845 7007 7268 7857
4 271 411 8053 9098
4 449 531 600 776
4 940 974 1060 1306
4 1407 1693 2175 2372
4 2745 3086 3600 3700
4 4020 4205 4710 4715
4 4885 5072 5259 6154
4 6162 6166 6468 6542
4 6579 6708 6999 7040
4 7066 7272 7871 8356
4 8365 8533 9212 9255
4 215 9815 9832 9854
4 315 326 515 517
4 805 1079 1278 1499
4 2049 2511 2526 2757
4 2948 3150 3335 3409
4 3479 5601 5698 5788
4 6754 7131 7372 7405
4 8008 8257 8927 9027
4 1095 1139 9046 9188
4 1317 1857 1944 2013
4 2082 2142 2882 3254
4 3279 3477 3670 4258
4 4575 4971 5030 5068
4 5272 5351 5428 5589
4 5965 5978 6179 6344
4 6947 6967 7109 7111
4 7125 7246 7394 8681
4 8703 8717 8890 8998
4 191 9601 9814 9865
4 309 314 448 939
4 1158 1395 2370 2518
4 2959 3073 3138 3333
4 3497 3522 4384 4938
4 5376 5887 6082 6358
4 6615 6968 7311 7719
4 7973 8131 8749 8826
4 9000 9081 9139 9330
4 9484 9495 9669 9673
4 542 997 1273 9694
4 1358 1588 1813 1924
4 1929 2426 2569 2681
4 2842 2847 2908 3025
4 3090 3165 3193 3637
4 4027 4676 4794 5080
4 6153 6453 6591 6745
4 6787 6854 7072 7513
4 7949 8052 8154 8173
4 298 9324 9693 9884
4 571 641 799 1113
4 1153 1252 1258 1437
4 1477 1525 1619 1706
4 2029 2122 2363 2607
4 2921 3118 3450 4218
4 4287 4513 4614 4780
4 5215 5516 6330 7159
4 7327 7465 7528 8373
4 8549 8581 8600 8661
4 8744 9099 9448 9774
4 228 272 498 521
4 690 720 870 910
4 964 1097 1107 1182
4 1690 1838 1881 2211
4 2622 2653 2834 2931
4 2966 3095 3102 3164
4 3211 3350 3415 3487
4 3961 3977 4389 4507
4 4625 4741 5417 5437
4 5581 5837 5985 6094
4 6201 6209 6470 6556
4 6633 6933 7184 7458
4 7655 7802 7958 8209
4 8820 9360 9886 9991
4 306 481 486 549
4 577 764 1254 1460
4 1911 2505 2540 2636
4 3064 3157 3341 3417
4 3472 3680 4334 4421
4 4443 5365 5493 5595
4 5924 5968 6069 6108
4 6314 6445 6447 6871
4 7120 7156 7171 7484
4 7585 7845 7987 8087
4 8221 8265 9006 9087
4 9217 9625 9696 9800
4 112 299 544 607
4 1211 1555 1764 1832
4 1862 1864 2352 2433
4 2633 2700 2909 2933
4 3158 3434 3453 3549
4 3644 3852 4271 4365
4 4422 4441 4466 4828
4 5263 5347 5364 5473
4 5722 5892 5929 6622
4 6880 6881 6945 7162
4 7260 7858 8532 8631
4 8763 8812 9084 9371
4 9788 9794 9811 9905
4 88 536 566 671
4 815 1066 1195 1289
4 1829 1850 2359 2365
4 2658 2665 2897 2955
4 3019 3194 3296 3486
4 3823 3871 4122 4417
4 4712 4937 5423 5495
4 5568 5691 5925 5928
4 5961 5964 6167 6535
4 6644 6930 7257 7360
4 7511 7651 7749 7887
4 8062 8969 9030 9316
4 260 329 391 9369
4 423 777 822 1183
4 1320 1355 1447 1557
4 1585 1631 1647 1811
4 2052 2348 2863 2978
4 3016 3243 3310 3363
4 3427 3440 3633 3780
4 4158 4416 4584 5176
4 5222 5404 5680 6033
4 6151 6224 6282 6285
4 7001 7474 7628 7637
4 8077 8278 8345 8495
4 8655 8883 8893 9082
4 9393 9469 9662 9772
4 1474 1582 2238 9839
4 2651 2659 3018 3177
4 3187 3218 3251 3360
4 3734 3772 3897 3968
4 4025 4028 4642 5003
4 5095 5298 5321 5384
4 5888 5969 6049 6183
4 6783 6986 7283 7383
4 7401 7493 7690 7735
4 7842 8174 8469 8594
4 8832 8882 9074 9155
4 91 380 9224 9804
4 587 609 646 812
4 1145 1186 1550 2075
4 2100 2594 2614 2703
4 3255 3328 3471 3494
4 3901 4191 4494 4512
4 4610 4728 4740 4763
4 4962 5070 5296 5543
4 5674 5767 5940 5963
4 6305 6321 6438 6496
4 6593 7063 7417 7611
4 7773 7897 8443 8660
4 8730 8762 8831 9470
4 555 567 9628 9723
4 650 700 928 1035
4 1176 1295 1337 1346
4 1435 1454 1608 1859
4 1970 2107 2140 2561
4 2660 2997 3722 3988
4 4006 4229 4300 4360
4 5015 5057 5105 5542
4 5689 5690 5709 6518
4 6543 6767 6860 7241
4 7347 7377 7854 8230
4 8475 8928 9208 9291
4 74 158 220 9764
4 374 510 572 670
4 1578 1727 1852 2054
4 2088 2253 2299 2332
4 2476 2734 2743 2885
4 2919 3026 3111 3400
4 3446 3936 4082 4109
4 4423 4757 4895 5027
4 5309 5639 5677 5822
4 6150 6239 6272 6378
4 6512 6652 6875 6885
4 7185 7421 7476 7843
4 7894 8424 8772 8867
4 9037 9178 9254 9303
4 9589 9641 9735 9883
4 8 64 165 196
4 267 492 527 570
4 1091 1303 1473 1691
4 1995 2181 3048 3079
4 3331 3693 3762 4012
4 4080 4133 4195 4413
4 4684 4868 5160 5267
4 5311 5588 5685 6114
4 6661 6718 6858 7486
4 7670 8185 8227 8302
4 8368 8458 8913 9258
4 9387 9645 9904 9960
4 216 1022 1064 1068
4 1217 1243 1285 1345
4 1530 1567 1872 2042
4 2204 2248 2349 2620
4 2910 3054 3119 3179
4 3588 3624 3658 3890
4 4013 4313 4519 4645
4 5021 5123 5135 5545
4 5604 5726 5760 5798
4 5936 6274 6403 6536
4 6750 6940 7106 7112
4 7350 7571 7801 8113
4 8158 8171 8223 8246
4 8291 8319 8735 8945
4 9076 9237 9339 9622
4 248 337 591 9950
4 632 761 788 943
4 957 1076 1515 1858
4 1885 2044 2230 2680
4 2698 2720 2790 2801
4 3046 3270 3423 3801
4 4065 4128 4243 4761
4 4764 4930 4944 4967
4 5293 5317 5395 5464
4 5554 5636 5642 5755
4 6281 6527 6670 6707
4 6806 6918 7020 7031
4 7438 8366 8451 8536
4 8979 9278 9409 9591
4 9616 9786 9903 9969
4 222 242 629 736
4 1054 1663 1982 2568
4 2876 3039 3314 3612
4 3837 3907 4053 4120
4 4266 4409 4697 4781
4 5127 5247 5331 5458
4 5491 5499 5661 5668
4 5701 5960 6277 6374
4 6817 6829 6996 7002
4 7224 7293 7335 7429
4 7535 7771 8213 8497
